0 info it worked if it ends with ok
1 verbose cli [ '/usr/bin/nodejs',
1 verbose cli   '/usr/bin/npm',
1 verbose cli   'install',
1 verbose cli   '-g',
1 verbose cli   'browserify' ]
2 info using npm@2.15.8
3 info using node@v4.4.7
4 verbose install initial load of /usr/lib/package.json
5 verbose readDependencies loading dependencies from /usr/lib/package.json
6 silly cache add args [ 'browserify', null ]
7 verbose cache add spec browserify
8 silly cache add parsed spec Result {
8 silly cache add   raw: 'browserify',
8 silly cache add   scope: null,
8 silly cache add   name: 'browserify',
8 silly cache add   rawSpec: '',
8 silly cache add   spec: 'latest',
8 silly cache add   type: 'tag' }
9 silly addNamed browserify@latest
10 verbose addNamed "latest" is being treated as a dist-tag for browserify
11 info addNameTag [ 'browserify', 'latest' ]
12 silly mapToRegistry name browserify
13 silly mapToRegistry using default registry
14 silly mapToRegistry registry https://registry.npmjs.org/
15 silly mapToRegistry data Result {
15 silly mapToRegistry   raw: 'browserify',
15 silly mapToRegistry   scope: null,
15 silly mapToRegistry   name: 'browserify',
15 silly mapToRegistry   rawSpec: '',
15 silly mapToRegistry   spec: 'latest',
15 silly mapToRegistry   type: 'tag' }
16 silly mapToRegistry uri https://registry.npmjs.org/browserify
17 verbose addNameTag registry:https://registry.npmjs.org/browserify not in flight; fetching
18 verbose request uri https://registry.npmjs.org/browserify
19 verbose request no auth needed
20 info attempt registry request try #1 at 9:17:30 PM
21 verbose request id c680d8837591da1f
22 http request GET https://registry.npmjs.org/browserify
23 http 200 https://registry.npmjs.org/browserify
24 verbose headers { server: 'nginx/1.10.1',
24 verbose headers   'content-type': 'application/json',
24 verbose headers   'last-modified': 'Sun, 12 Feb 2017 01:01:01 GMT',
24 verbose headers   etag: 'W/"589fb3cd-d729e"',
24 verbose headers   'content-encoding': 'gzip',
24 verbose headers   'cache-control': 'max-age=300',
24 verbose headers   'content-length': '51540',
24 verbose headers   'accept-ranges': 'bytes',
24 verbose headers   date: 'Mon, 13 Feb 2017 21:17:31 GMT',
24 verbose headers   via: '1.1 varnish',
24 verbose headers   age: '88',
24 verbose headers   connection: 'keep-alive',
24 verbose headers   'x-served-by': 'cache-lhr6334-LHR',
24 verbose headers   'x-cache': 'HIT',
24 verbose headers   'x-cache-hits': '1',
24 verbose headers   'x-timer': 'S1487020651.246275,VS0,VE0',
24 verbose headers   vary: 'Accept-Encoding' }
25 silly get cb [ 200,
25 silly get   { server: 'nginx/1.10.1',
25 silly get     'content-type': 'application/json',
25 silly get     'last-modified': 'Sun, 12 Feb 2017 01:01:01 GMT',
25 silly get     etag: 'W/"589fb3cd-d729e"',
25 silly get     'content-encoding': 'gzip',
25 silly get     'cache-control': 'max-age=300',
25 silly get     'content-length': '51540',
25 silly get     'accept-ranges': 'bytes',
25 silly get     date: 'Mon, 13 Feb 2017 21:17:31 GMT',
25 silly get     via: '1.1 varnish',
25 silly get     age: '88',
25 silly get     connection: 'keep-alive',
25 silly get     'x-served-by': 'cache-lhr6334-LHR',
25 silly get     'x-cache': 'HIT',
25 silly get     'x-cache-hits': '1',
25 silly get     'x-timer': 'S1487020651.246275,VS0,VE0',
25 silly get     vary: 'Accept-Encoding' } ]
26 verbose get saving browserify to /home/thewhitefox/.npm/registry.npmjs.org/browserify/.cache.json
27 verbose correctMkdir /home/thewhitefox/.npm correctMkdir not in flight; initializing
28 silly addNameTag next cb for browserify with tag latest
29 silly addNamed browserify@14.0.0
30 verbose addNamed "14.0.0" is a plain semver version for browserify
31 silly mapToRegistry name browserify
32 silly mapToRegistry using default registry
33 silly mapToRegistry registry https://registry.npmjs.org/
34 silly mapToRegistry data Result {
34 silly mapToRegistry   raw: 'browserify',
34 silly mapToRegistry   scope: null,
34 silly mapToRegistry   name: 'browserify',
34 silly mapToRegistry   rawSpec: '',
34 silly mapToRegistry   spec: 'latest',
34 silly mapToRegistry   type: 'tag' }
35 silly mapToRegistry uri https://registry.npmjs.org/browserify
36 verbose addRemoteTarball https://registry.npmjs.org/browserify/-/browserify-14.0.0.tgz not in flight; adding
37 verbose addRemoteTarball [ 'https://registry.npmjs.org/browserify/-/browserify-14.0.0.tgz',
37 verbose addRemoteTarball   '67e6cfe7acb2fb1a1908e8a763452306de0bcf38' ]
38 info retry fetch attempt 1 at 9:17:31 PM
39 info attempt registry request try #1 at 9:17:31 PM
40 http fetch GET https://registry.npmjs.org/browserify/-/browserify-14.0.0.tgz
41 http fetch 200 https://registry.npmjs.org/browserify/-/browserify-14.0.0.tgz
42 silly fetchAndShaCheck shasum 67e6cfe7acb2fb1a1908e8a763452306de0bcf38
43 verbose addTmpTarball /tmp/npm-2768-4b82e3a8/registry.npmjs.org/browserify/-/browserify-14.0.0.tgz not in flight; adding
44 verbose addTmpTarball already have metadata; skipping unpack for browserify@14.0.0
45 verbose correctMkdir /home/thewhitefox/.npm correctMkdir not in flight; initializing
46 silly cache afterAdd browserify@14.0.0
47 verbose afterAdd /home/thewhitefox/.npm/browserify/14.0.0/package/package.json not in flight; writing
48 verbose correctMkdir /home/thewhitefox/.npm correctMkdir not in flight; initializing
49 verbose afterAdd /home/thewhitefox/.npm/browserify/14.0.0/package/package.json written
50 silly install resolved [ { name: 'browserify',
50 silly install resolved     version: '14.0.0',
50 silly install resolved     description: 'browser-side require() the node way',
50 silly install resolved     main: 'index.js',
50 silly install resolved     bin: { browserify: 'bin/cmd.js' },
50 silly install resolved     repository:
50 silly install resolved      { type: 'git',
50 silly install resolved        url: 'git+ssh://git@github.com/substack/node-browserify.git' },
50 silly install resolved     keywords:
50 silly install resolved      [ 'browser',
50 silly install resolved        'require',
50 silly install resolved        'commonjs',
50 silly install resolved        'commonj-esque',
50 silly install resolved        'bundle',
50 silly install resolved        'npm',
50 silly install resolved        'javascript' ],
50 silly install resolved     dependencies:
50 silly install resolved      { JSONStream: '^1.0.3',
50 silly install resolved        assert: '^1.4.0',
50 silly install resolved        'browser-pack': '^6.0.1',
50 silly install resolved        'browser-resolve': '^1.11.0',
50 silly install resolved        'browserify-zlib': '~0.1.2',
50 silly install resolved        buffer: '^5.0.2',
50 silly install resolved        'cached-path-relative': '^1.0.0',
50 silly install resolved        'concat-stream': '~1.5.1',
50 silly install resolved        'console-browserify': '^1.1.0',
50 silly install resolved        'constants-browserify': '~1.0.0',
50 silly install resolved        'crypto-browserify': '^3.0.0',
50 silly install resolved        defined: '^1.0.0',
50 silly install resolved        'deps-sort': '^2.0.0',
50 silly install resolved        'domain-browser': '~1.1.0',
50 silly install resolved        duplexer2: '~0.1.2',
50 silly install resolved        events: '~1.1.0',
50 silly install resolved        glob: '^7.1.0',
50 silly install resolved        has: '^1.0.0',
50 silly install resolved        htmlescape: '^1.1.0',
50 silly install resolved        'https-browserify': '~0.0.0',
50 silly install resolved        inherits: '~2.0.1',
50 silly install resolved        'insert-module-globals': '^7.0.0',
50 silly install resolved        'labeled-stream-splicer': '^2.0.0',
50 silly install resolved        'module-deps': '^4.0.8',
50 silly install resolved        'os-browserify': '~0.1.1',
50 silly install resolved        parents: '^1.0.1',
50 silly install resolved        'path-browserify': '~0.0.0',
50 silly install resolved        process: '~0.11.0',
50 silly install resolved        punycode: '^1.3.2',
50 silly install resolved        'querystring-es3': '~0.2.0',
50 silly install resolved        'read-only-stream': '^2.0.0',
50 silly install resolved        'readable-stream': '^2.0.2',
50 silly install resolved        resolve: '^1.1.4',
50 silly install resolved        shasum: '^1.0.0',
50 silly install resolved        'shell-quote': '^1.6.1',
50 silly install resolved        'stream-browserify': '^2.0.0',
50 silly install resolved        'stream-http': '^2.0.0',
50 silly install resolved        string_decoder: '~0.10.0',
50 silly install resolved        subarg: '^1.0.0',
50 silly install resolved        'syntax-error': '^1.1.1',
50 silly install resolved        through2: '^2.0.0',
50 silly install resolved        'timers-browserify': '^1.0.1',
50 silly install resolved        'tty-browserify': '~0.0.0',
50 silly install resolved        url: '~0.11.0',
50 silly install resolved        util: '~0.10.1',
50 silly install resolved        'vm-browserify': '~0.0.1',
50 silly install resolved        xtend: '^4.0.0' },
50 silly install resolved     devDependencies:
50 silly install resolved      { backbone: '~0.9.2',
50 silly install resolved        'browser-unpack': '^1.1.1',
50 silly install resolved        'coffee-script': '~1.10.0',
50 silly install resolved        coffeeify: '~1.1.0',
50 silly install resolved        es6ify: '~0.4.8',
50 silly install resolved        isstream: '^0.1.2',
50 silly install resolved        seq: '0.3.5',
50 silly install resolved        tap: '^2.2.0',
50 silly install resolved        temp: '^0.8.1',
50 silly install resolved        through: '^2.3.4' },
50 silly install resolved     author:
50 silly install resolved      { name: 'James Halliday',
50 silly install resolved        email: 'mail@substack.net',
50 silly install resolved        url: 'http://substack.net' },
50 silly install resolved     scripts: { test: 'tap test/*.js' },
50 silly install resolved     license: 'MIT',
50 silly install resolved     gitHead: '691239d48f2743e0ba5092e5cd9199a7a009e4a6',
50 silly install resolved     bugs: { url: 'https://github.com/substack/node-browserify/issues' },
50 silly install resolved     homepage: 'https://github.com/substack/node-browserify#readme',
50 silly install resolved     _id: 'browserify@14.0.0',
50 silly install resolved     _shasum: '67e6cfe7acb2fb1a1908e8a763452306de0bcf38',
50 silly install resolved     _from: 'browserify@latest',
50 silly install resolved     _npmVersion: '2.15.1',
50 silly install resolved     _nodeVersion: '0.10.46',
50 silly install resolved     _npmUser: { name: 'feross', email: 'feross@feross.org' },
50 silly install resolved     dist:
50 silly install resolved      { shasum: '67e6cfe7acb2fb1a1908e8a763452306de0bcf38',
50 silly install resolved        tarball: 'https://registry.npmjs.org/browserify/-/browserify-14.0.0.tgz' },
50 silly install resolved     maintainers:
50 silly install resolved      [ [Object],
50 silly install resolved        [Object],
50 silly install resolved        [Object],
50 silly install resolved        [Object],
50 silly install resolved        [Object],
50 silly install resolved        [Object],
50 silly install resolved        [Object],
50 silly install resolved        [Object],
50 silly install resolved        [Object],
50 silly install resolved        [Object],
50 silly install resolved        [Object] ],
50 silly install resolved     _npmOperationalInternal:
50 silly install resolved      { host: 'packages-18-east.internal.npmjs.com',
50 silly install resolved        tmp: 'tmp/browserify-14.0.0.tgz_1485318715400_0.7139890603721142' },
50 silly install resolved     directories: {},
50 silly install resolved     _resolved: 'https://registry.npmjs.org/browserify/-/browserify-14.0.0.tgz' } ]
51 info install browserify@14.0.0 into /usr/lib
52 info installOne browserify@14.0.0
53 verbose installOne of browserify to /usr/lib not in flight; installing
54 verbose correctMkdir /home/thewhitefox/.npm/_locks correctMkdir not in flight; initializing
55 verbose lock using /home/thewhitefox/.npm/_locks/browserify-bddd70d69ed8ebe1.lock for /usr/lib/node_modules/browserify
56 silly install write writing browserify 14.0.0 to /usr/lib/node_modules/browserify
57 verbose unbuild lib/node_modules/browserify
58 silly gentlyRm /usr/lib/node_modules/browserify is being purged from base /usr
59 verbose gentlyRm don't care about contents; nuking /usr/lib/node_modules/browserify
60 verbose tar unpack /home/thewhitefox/.npm/browserify/14.0.0/package.tgz
61 verbose tar unpacking to /usr/lib/node_modules/browserify
62 silly gentlyRm /usr/lib/node_modules/browserify is being purged
63 verbose gentlyRm don't care about contents; nuking /usr/lib/node_modules/browserify
64 silly gunzTarPerm modes [ '775', '664' ]
65 error tar.unpack untar error /home/thewhitefox/.npm/browserify/14.0.0/package.tgz
66 verbose unlock done using /home/thewhitefox/.npm/_locks/browserify-bddd70d69ed8ebe1.lock for /usr/lib/node_modules/browserify
67 verbose fstream_path /usr/lib/node_modules/browserify
68 verbose fstream_type Directory
69 verbose fstream_class DirWriter
70 verbose stack Error: EACCES: permission denied, mkdir '/usr/lib/node_modules/browserify'
70 verbose stack     at Error (native)
71 verbose fstream_stack /usr/lib/node_modules/npm/node_modules/fstream/lib/dir-writer.js:35:25
71 verbose fstream_stack /usr/lib/node_modules/npm/node_modules/mkdirp/index.js:47:53
71 verbose fstream_stack FSReqWrap.oncomplete (fs.js:82:15)
72 verbose cwd /home/thewhitefox/JavaScript-AJAX-JSON
73 error Linux 4.4.0-62-generic
74 error argv "/usr/bin/nodejs" "/usr/bin/npm" "install" "-g" "browserify"
75 error node v4.4.7
76 error npm  v2.15.8
77 error path /usr/lib/node_modules/browserify
78 error code EACCES
79 error errno -13
80 error syscall mkdir
81 error Error: EACCES: permission denied, mkdir '/usr/lib/node_modules/browserify'
81 error     at Error (native)
81 error  { [Error: EACCES: permission denied, mkdir '/usr/lib/node_modules/browserify']
81 error   errno: -13,
81 error   code: 'EACCES',
81 error   syscall: 'mkdir',
81 error   path: '/usr/lib/node_modules/browserify',
81 error   fstream_type: 'Directory',
81 error   fstream_path: '/usr/lib/node_modules/browserify',
81 error   fstream_class: 'DirWriter',
81 error   fstream_stack:
81 error    [ '/usr/lib/node_modules/npm/node_modules/fstream/lib/dir-writer.js:35:25',
81 error      '/usr/lib/node_modules/npm/node_modules/mkdirp/index.js:47:53',
81 error      'FSReqWrap.oncomplete (fs.js:82:15)' ] }
82 error Please try running this command again as root/Administrator.
83 verbose exit [ -13, true ]
84 verbose unbuild lib/node_modules/browserify
85 silly gentlyRm /usr/lib/node_modules/browserify is being purged from base /usr
86 verbose gentlyRm don't care about contents; nuking /usr/lib/node_modules/browserify
